<?xml version="1.0" encoding="UTF-8"?>
<!-- Generated by org.testng.reporters.JUnitXMLReporter -->
<testsuite hostname="lgvn13460" name="Chrome" tests="5" failures="0" timestamp="6 May 2016 11:24:44 GMT" time="53.576" errors="0">
  <testcase name="" time="12.165" classname="DashboardTest.LoginTest"/>
  <testcase name="" time="16.325" classname="DashboardTest.LoginTest"/>
  <testcase name="" time="12.73" classname="DashboardTest.LoginTest"/>
  <testcase name="" time="14.742" classname="DashboardTest.LoginTest"/>
  <testcase name="" time="22.02" classname="DashboardTest.LoginTest"/>
</testsuite> <!-- Chrome -->
