<?xml version="1.0" encoding="UTF-8"?>
<!-- Generated by org.testng.reporters.JUnitXMLReporter -->
<testsuite hostname="lgvn13460" name="Chrome" tests="10" failures="0" timestamp="6 May 2016 10:29:50 GMT" time="58.402" errors="0">
  <testcase name="" time="41.094" classname="DashboardTest.LoginTest"/>
  <testcase name="" time="39.795" classname="DashboardTest.LoginTest"/>
  <testcase name="" time="46.188" classname="DashboardTest.LoginTest"/>
  <testcase name="" time="49.164" classname="DashboardTest.LoginTest"/>
  <testcase name="" time="50.522" classname="DashboardTest.LoginTest"/>
  <testcase name="" time="42.882" classname="DashboardTest.LoginTest"/>
  <testcase name="" time="33.283" classname="DashboardTest.LoginTest"/>
  <testcase name="" time="45.538" classname="DashboardTest.LoginTest"/>
  <testcase name="" time="42.776" classname="DashboardTest.LoginTest"/>
  <testcase name="" time="31.368" classname="DashboardTest.LoginTest"/>
</testsuite> <!-- Chrome -->
