<?xml version="1.0" encoding="UTF-8"?>
<!-- Generated by org.testng.reporters.JUnitXMLReporter -->
<testsuite hostname="lgvn13460" name="Safari" tests="10" failures="0" timestamp="6 May 2016 11:41:09 GMT" time="18.39" errors="0">
  <testcase name="" time="1.847" classname="DashboardTest.LoginTest"/>
  <testcase name="" time="2.357" classname="DashboardTest.LoginTest"/>
  <testcase name="" time="2.948" classname="DashboardTest.LoginTest"/>
  <testcase name="" time="5.781" classname="DashboardTest.LoginTest"/>
  <testcase name="" time="7.133" classname="DashboardTest.LoginTest"/>
  <testcase name="" time="3.172" classname="DashboardTest.LoginTest"/>
  <testcase name="" time="5.623" classname="DashboardTest.LoginTest"/>
  <testcase name="" time="4.523" classname="DashboardTest.LoginTest"/>
  <testcase name="" time="2.482" classname="DashboardTest.LoginTest"/>
  <testcase name="" time="5.033" classname="DashboardTest.LoginTest"/>
</testsuite> <!-- Safari -->
