<?xml version="1.0" encoding="UTF-8"?>
<testng-results skipped="0" failed="0" total="1" passed="1">
  <reporter-output>
  </reporter-output>
  <suite name="Improved Suite" duration-ms="13030" started-at="2016-05-17T08:12:01Z" finished-at="2016-05-17T08:12:14Z">
    <groups>
    </groups>
    <test name="Firefox" duration-ms="13030" started-at="2016-05-17T08:12:01Z" finished-at="2016-05-17T08:12:14Z">
      <class name="Vietcombank.VietcombankTest">
        <test-method status="PASS" signature="beforeSuite()[pri:0, instance:Vietcombank.VietcombankTest@5ebec15]" name="beforeSuite" is-config="true" duration-ms="1371" started-at="2016-05-17T15:12:00Z" finished-at="2016-05-17T15:12:01Z">
          <reporter-output>
          </reporter-output>
        </test-method> <!-- beforeSuite -->
        <test-method status="PASS" signature="BeforeTest()[pri:0, instance:Vietcombank.VietcombankTest@5ebec15]" name="BeforeTest" is-config="true" duration-ms="421" started-at="2016-05-17T15:12:01Z" finished-at="2016-05-17T15:12:01Z">
          <reporter-output>
          </reporter-output>
        </test-method> <!-- BeforeTest -->
        <test-method status="PASS" signature="beforeMethod(java.lang.String)[pri:0, instance:Vietcombank.VietcombankTest@5ebec15]" name="beforeMethod" is-config="true" duration-ms="10471" started-at="2016-05-17T15:12:01Z" finished-at="2016-05-17T15:12:12Z">
          <params>
            <param index="0">
              <value>
                <![CDATA[firefox]]>
              </value>
            </param>
          </params>
          <reporter-output>
          </reporter-output>
        </test-method> <!-- beforeMethod -->
        <test-method status="PASS" signature="Testcase_01()[pri:0, instance:Vietcombank.VietcombankTest@5ebec15]" name="Testcase_01" duration-ms="1659" started-at="2016-05-17T15:12:12Z" finished-at="2016-05-17T15:12:14Z">
          <reporter-output>
          </reporter-output>
        </test-method> <!-- Testcase_01 -->
        <test-method status="PASS" signature="afterMethod(org.testng.ITestResult)[pri:0, instance:Vietcombank.VietcombankTest@5ebec15]" name="afterMethod" is-config="true" duration-ms="467" started-at="2016-05-17T15:12:14Z" finished-at="2016-05-17T15:12:14Z">
          <params>
            <param index="0">
              <value>
                <![CDATA[[TestResult name=Testcase_01 status=SUCCESS method=VietcombankTest.Testcase_01()[pri:0, instance:Vietcombank.VietcombankTest@5ebec15] output={null}]]]>
              </value>
            </param>
          </params>
          <reporter-output>
          </reporter-output>
        </test-method> <!-- afterMethod -->
      </class> <!-- Vietcombank.VietcombankTest -->
    </test> <!-- Firefox -->
  </suite> <!-- Improved Suite -->
</testng-results>
