<?xml version="1.0" encoding="UTF-8"?>
<testng-results skipped="1" failed="0" total="1" passed="0">
  <reporter-output>
  </reporter-output>
  <suite name="Improved Suite" duration-ms="19398" started-at="2016-05-09T06:14:30Z" finished-at="2016-05-09T06:14:49Z">
    <groups>
    </groups>
    <test name="iPad" duration-ms="19398" started-at="2016-05-09T06:14:30Z" finished-at="2016-05-09T06:14:49Z">
      <class name="DashboardTest.LoginTest">
        <test-method status="PASS" signature="beforeSuite()[pri:0, instance:DashboardTest.LoginTest@21bcffb5]" test-instance-name="" name="beforeSuite" is-config="true" duration-ms="830" started-at="2016-05-09T13:14:29Z" finished-at="2016-05-09T13:14:30Z">
          <reporter-output>
          </reporter-output>
        </test-method> <!-- beforeSuite -->
        <test-method status="FAIL" signature="beforeMethod(java.lang.String)[pri:0, instance:DashboardTest.LoginTest@21bcffb5]" test-instance-name="" name="beforeMethod" is-config="true" duration-ms="0" started-at="2016-05-09T13:14:30Z" finished-at="2016-05-09T13:14:30Z">
          <params>
            <param index="0">
              <value>
                <![CDATA[iPad]]>
              </value>
            </param>
          </params>
          <exception class="org.openqa.selenium.WebDriverException">
            <message>
              <![CDATA[An unknown server-side error occurred while processing the command. Original error: Could not find button to launch Safari. Make sure you are using the latest version of SafariLauncher that appium is using (WARNING: The server did not provide any stacktrace information)
Command duration or timeout: 18.88 seconds
Build info: version: '2.52.0', revision: '4c2593cfc3689a7fcd7be52549167e5ccc93ad28', time: '2016-02-11 11:22:43'
System info: host: 'lgvn13460', ip: '192.168.56.1', os.name: 'Windows 7', os.arch: 'amd64', os.version: '6.1', java.version: '1.8.0_91'
Driver info: io.appium.java_client.ios.IOSDriver]]>
            </message>
            <full-stacktrace>
              <![CDATA[org.openqa.selenium.WebDriverException: An unknown server-side error occurred while processing the command. Original error: Could not find button to launch Safari. Make sure you are using the latest version of SafariLauncher that appium is using (WARNING: The server did not provide any stacktrace information)
Command duration or timeout: 18.88 seconds
Build info: version: '2.52.0', revision: '4c2593cfc3689a7fcd7be52549167e5ccc93ad28', time: '2016-02-11 11:22:43'
System info: host: 'lgvn13460', ip: '192.168.56.1', os.name: 'Windows 7', os.arch: 'amd64', os.version: '6.1', java.version: '1.8.0_91'
Driver info: io.appium.java_client.ios.IOSDriver
	at sun.reflect.NativeConstructorAccessorImpl.newInstance0(Native Method)
	at sun.reflect.NativeConstructorAccessorImpl.newInstance(Unknown Source)
	at sun.reflect.DelegatingConstructorAccessorImpl.newInstance(Unknown Source)
	at java.lang.reflect.Constructor.newInstance(Unknown Source)
	at org.openqa.selenium.remote.ErrorHandler.createThrowable(ErrorHandler.java:206)
	at org.openqa.selenium.remote.ErrorHandler.throwIfResponseFailed(ErrorHandler.java:158)
	at org.openqa.selenium.remote.RemoteWebDriver.execute(RemoteWebDriver.java:678)
	at io.appium.java_client.AppiumDriver.execute(AppiumDriver.java:180)
	at org.openqa.selenium.remote.RemoteWebDriver.startSession(RemoteWebDriver.java:249)
	at org.openqa.selenium.remote.RemoteWebDriver.<init>(RemoteWebDriver.java:131)
	at org.openqa.selenium.remote.RemoteWebDriver.<init>(RemoteWebDriver.java:158)
	at io.appium.java_client.AppiumDriver.<init>(AppiumDriver.java:109)
	at io.appium.java_client.ios.IOSDriver.<init>(IOSDriver.java:23)
	at com.loginium.driver.mobile.MobileIOSDriver.<init>(MobileIOSDriver.java:21)
	at com.loginium.driver.factory.MobileDriverFactory.initWebDriver(MobileDriverFactory.java:18)
	at com.loginium.driver.factory.DriverFactory.createWebDriver(DriverFactory.java:18)
	at com.loginium.driver.DriverManager.createWebDriver(DriverManager.java:42)
	at DashboardTest.TestBase.beforeMethod(TestBase.java:30)
	at sun.reflect.NativeMethodAccessorImpl.invoke0(Native Method)
	at sun.reflect.NativeMethodAccessorImpl.invoke(Unknown Source)
	at sun.reflect.DelegatingMethodAccessorImpl.invoke(Unknown Source)
	at java.lang.reflect.Method.invoke(Unknown Source)
	at org.testng.internal.MethodInvocationHelper.invokeMethod(MethodInvocationHelper.java:86)
	at org.testng.internal.Invoker.invokeConfigurationMethod(Invoker.java:514)
	at org.testng.internal.Invoker.invokeConfigurations(Invoker.java:215)
	at org.testng.internal.Invoker.invokeMethod(Invoker.java:589)
	at org.testng.internal.Invoker.invokeTestMethod(Invoker.java:820)
	at org.testng.internal.Invoker.invokeTestMethods(Invoker.java:1128)
	at org.testng.internal.TestMethodWorker.invokeTestMethods(TestMethodWorker.java:129)
	at org.testng.internal.TestMethodWorker.run(TestMethodWorker.java:112)
	at java.util.concurrent.ThreadPoolExecutor.runWorker(Unknown Source)
	at java.util.concurrent.ThreadPoolExecutor$Worker.run(Unknown Source)
	at java.lang.Thread.run(Unknown Source)
]]>
            </full-stacktrace>
          </exception> <!-- org.openqa.selenium.WebDriverException -->
          <reporter-output>
          </reporter-output>
        </test-method> <!-- beforeMethod -->
        <test-method status="SKIP" signature="afterMethod(org.testng.ITestResult)[pri:0, instance:DashboardTest.LoginTest@21bcffb5]" test-instance-name="" name="afterMethod" is-config="true" duration-ms="0" started-at="2016-05-09T13:14:49Z" finished-at="2016-05-09T13:14:49Z">
          <reporter-output>
          </reporter-output>
        </test-method> <!-- afterMethod -->
        <test-method status="SKIP" signature="Login1()[pri:0, instance:DashboardTest.LoginTest@21bcffb5]" test-instance-name="" name="Login1" duration-ms="0" started-at="2016-05-09T13:14:49Z" finished-at="2016-05-09T13:14:49Z">
          <reporter-output>
          </reporter-output>
        </test-method> <!-- Login1 -->
      </class> <!-- DashboardTest.LoginTest -->
    </test> <!-- iPad -->
  </suite> <!-- Improved Suite -->
</testng-results>
