<?xml version="1.0" encoding="UTF-8"?>
<!-- Generated by org.testng.reporters.JUnitXMLReporter -->
<testsuite hostname="lgvn13460" name="Chrome" tests="10" failures="0" timestamp="5 May 2016 11:39:58 GMT" time="104.803" errors="0">
  <testcase name="" time="79.278" classname="DashboardTest.LoginTest"/>
  <testcase name="" time="75.216" classname="DashboardTest.LoginTest"/>
  <testcase name="" time="30.417" classname="DashboardTest.LoginTest"/>
  <testcase name="" time="78.337" classname="DashboardTest.LoginTest"/>
  <testcase name="" time="66.999" classname="DashboardTest.LoginTest"/>
  <testcase name="" time="65.178" classname="DashboardTest.LoginTest"/>
  <testcase name="" time="57.755" classname="DashboardTest.LoginTest"/>
  <testcase name="" time="41.196" classname="DashboardTest.LoginTest"/>
  <testcase name="" time="16.69" classname="DashboardTest.LoginTest"/>
  <testcase name="" time="6.829" classname="DashboardTest.LoginTest"/>
</testsuite> <!-- Chrome -->
